1587355262: QmRLhfNRfWxqFqjBc3R5Ahx5RuQuAnaCPW4B4YJnUbhfxg
1587355323: QmRFDDqmBYr8MwAXsAj7Gsg5paDcGEwnwpodgmdHHivk18
1587359282: QmazMiipvigPJ2ecvQYxQYzeAqM7PR9EyqXpyDqcWy9MJn
1587363396: QmdZt2x5G9YEmcy86RQSD2imj2HeZTydnLxqJNWyfn4qQz
1587363423: QmVXRJhsNLja1jtF3MnJaNged8yyrs6MWftuse3JsFBJSV
1587363522: QmXsVnvF73nrAEFmM6iiy81un47zFwLRtD97QrcT91vxFN
1587363563: QmdcUdpPks3ozqEzCEe4bJApWHLq9K62xfQ6JGEXsuy8mR
1587363618: QmXTdWZew5quqme58qpQTqxRq1uA7dan4iTDbf351eyJx6
1587364072: QmaQ385UVUJX7X4LkSkfwAFRHVKKD3SjPLzCcrBHrrZ8YP
1587364265: QmUB3k7mpnxRgqzhEnZHXwyBdB5uoqL5rb54JVjdPS8A8U
1587364349: QmVn9L8Ns66qJMAf8UsDFxV6mCu8HfvNHWBNGmZBaVo1HS
1587364424: QmRxHC5R4LfBwnApiFZGnry156RS9SkH4gzwLc6N1zmuDt
1587365248: QmQgLNGPVRrjHEhE15Hc3urGJW6ogisy3TFFZAMLVv5Fgf
1587365558: QmUnmmHPKhoGb5iF13i8nGAvpHXYHwX968HCYay8FDeByR
1587365656: QmchVkxRsCFWamdHxwaHJe4DzJioU88UZbhUa6SEi1eret
1587365995: QmR43gJFMes2LuR1wCmWwSNeHKHESKbrHX3ECxTDmymduC
1587366573: QmayzengtvuDTX1Sv2BvPAVa1SthoFF2tFzT1P69PVn8ap
1587367060: QmcBeAsPYzrCTtazPUWXftsxado1mHnWTTL5pqd9uc83pQ
1587367298: QmTr9tkVUfkaNZdwyUxnSbifj1fdgh2GpoooDdKg7YVPB5
1587368095: QmejEit8UL9UMNvz1VvLbm2VjHJx1pbQWpiQzWkjT8bfnU
1587368119: QmTpwvtzqgSvHsKz2Z37ZevHVQok6JFtWZ2tksuDoHdfn1
1587368129: QmeLzrs1cZNS6ZndvAs3p9pvvdR7VqGbz5hQkXhZ7b1Tp5
1587368161: QmVw6c6E3MfDdajuECtkBoZ3Y5ZwR8dqY5dgNnrEHmLQWd
1587368256: QmQeffZGuHhvTxtWmV7FG87q8Jou2G4HUnWK2r9r5zSkFP
1587368272: QmZAF9Qad9GrNhy1RjM9MhKXrr5UueHqgAb4fsUR5L8VPz
1587368346: QmXH12h2DaYaNeb5887ZsrrmiXEFzMR1b1YRLqpY2tSjKz
1587371433: QmUh74P769ypSvgP8jE3Qh7Z85qZM9hZR6MbkooQKVw63N
1587373440: QmTR6pX9fCvjWS2M42uSTrG1EeaZKDmBfSfw8MdGd9acvf
1587374265: QmeT6oG3FNLhy7eQcxgKURRDm8D5PGpxc5ra2RSZGLC6DC
