# Partikis' log (essential)
1586853095: QmcH2yRxaLWq5nqK4pWhck9QosZqMWdzbsp5Q48tiyhSYJ
# ...
1586857190: QmTe1qRKDyqoFnf6aHkaiMs8kEydxknVbzSmb94TrApraC
1587353853: QmPfC899Lduszb1YJLt6iB7koKmfGPQhixzcjRwX1cxzck
1587357372: QmSuWiXHGkHGC5xMTjsdyyzKaxyPUYEzVFhHTBFm93rhdo
1587357670: QmamTAL8znrm8ax32sLCz2QoFdHjh9q2oeeWyBXVXMetfR
1587357725: QmSrxwxtageGj85y5ToKHXZvo8TnWadwtSd8oTYdvoYJ9f
1587357851: QmNpgZz3unJWzVj8usf5FZ5co9LqxqGiPNpH1HuhWeL4cd
1587358781: QmQaP2X1a64wT1bMfCN6YQZsCuuS1BTxUCJKjyTQuZ4M6v
1588925258:
1589644340: QmeN1XQJDRSPCabpev5KJ4eNpy8LRrgtf1D3iFEmAQQUJu
1590837735:
1590837861: QmWseJBYsFxknQjK4upR14rPWzMVo5iRoKX1V3zHoy5Gp7
1591019548: QmNZ5m6t9kfsszCTcNkVU91a4RKMYKKtSbMQgZsmrXxL8C
1591127231: Qma9CcA2S6yoNetCfayjGYZEKpNSbqM5SSBnMC8dHgAaUH
1593503243: QmUPjmaTVGZf4RfX7uGHfS5W22GwEu4vShwjYPkksHBx8K
1593505614: QmV4LRWFvGWA2byaBeBB8uWwwmCp1aDajamM7gQRH2dF4U
1593676942:
1593685883: QmW7w7mKEhDvEiPZpM7dJJVuzspZdKCWh4gfy5izW2veKu
1593689497: QmUWKgFr3P8yPyPXZiijMzArMPJAUxwzk7XqYATMycDuvZ
